1.21095 0
1.1826 0.028351
1.17767 0.0170946
1.16855 0.0151431
1.19448 0.0284603
1.19778 0.0234703
1.18772 0.0222394
1.19255 0.019856
1.19506 0.0176902
1.19346 0.0159031
1.19403 0.0143963
1.19838 0.0138408
1.19807 0.0127352
1.19505 0.012173
1.19629 0.0113999
1.19588 0.0106713
1.19581 0.0100242
1.19331 0.00977383
1.19403 0.00927254
1.19769 0.00953038
1.19582 0.00925668
1.19555 0.00882997
1.19728 0.00861276
1.1968 0.00826024
1.19673 0.0079232
1.1976 0.00766152
1.19498 0.00782455
1.19922 0.00864964
1.19689 0.00866512
1.19966 0.00881868
1.19868 0.00858612
1.19797 0.00834376
1.19672 0.00818187
1.19863 0.00816309
1.19744 0.00801538
1.19816 0.00782298
1.19738 0.00764861
1.19664 0.00748076
1.19791 0.00739584
1.19789 0.00720861
1.19842 0.00705058
1.19655 0.00713074
1.198 0.00711205
1.19846 0.00696419
1.1974 0.00688979
1.19728 0.00673952
1.19682 0.00661014
1.19698 0.00647296
1.19614 0.00639611
1.19576 0.00627808
1.19804 0.00656311
1.19769 0.00644539
1.19779 0.00632337
1.19776 0.00620521
1.19901 0.00621812
1.19748 0.00629516
1.19609 0.00633818
1.19671 0.00625881
1.19769 0.00622841
1.19713 0.00614928
1.19749 0.00605855
1.19769 0.00596322
1.1983 0.00589965
1.19678 0.00600251
1.1961 0.00594773
1.19695 0.00591744
1.19616 0.00588137
1.19675 0.00582399
1.19655 0.00574243
1.19682 0.00566639
1.19693 0.0055871
1.19708 0.00551098
1.19572 0.00560234
1.19574 0.00552613
1.19716 0.00563396
1.19718 0.00555937
1.19609 0.00559263
1.19566 0.00553741
1.19645 0.00552314
1.19666 0.00545805
1.19578 0.00546197
1.19681 0.00549211
1.19689 0.00542616
1.19581 0.00546913
1.19577 0.00540458
1.1965 0.00539172
1.19712 0.00536474
1.19682 0.00531185
1.19586 0.00533834
1.19652 0.00531881
1.19699 0.00528173
1.19688 0.00522535
1.19685 0.00516894
1.19702 0.00511654
1.19685 0.00506527
1.1973 0.0050323
1.19677 0.00500807
1.1962 0.00498881
1.19695 0.00499373
1.19677 0.00494684
