0.807301 0
0.7884 0.0189007
0.785114 0.0113964
0.779033 0.0100954
0.79632 0.0189735
0.798517 0.0156468
0.791813 0.0148263
0.795033 0.0132373
0.796705 0.0117935
0.79564 0.010602
0.796022 0.00959753
0.798917 0.00922718
0.798717 0.00849015
0.796698 0.00811533
0.797524 0.00759991
0.797254 0.00711418
0.797204 0.0066828
0.795543 0.00651589
0.796018 0.0061817
0.798462 0.00635358
0.797214 0.00617112
0.797035 0.00588665
0.798188 0.00574184
0.797866 0.00550682
0.797823 0.00528213
0.798401 0.00510768
0.796653 0.00521637
0.799479 0.00576642
0.797925 0.00577675
0.799774 0.00587912
0.799118 0.00572408
0.798644 0.00556251
0.797816 0.00545458
0.799086 0.00544206
0.798292 0.00534359
0.798774 0.00521532
0.798253 0.00509907
0.797763 0.00498718
0.798608 0.00493056
0.798593 0.00480574
0.798947 0.00470039
0.797699 0.00475383
0.798665 0.00474137
0.798976 0.00464279
0.798269 0.00459319
0.798185 0.00449302
0.797883 0.00440676
0.79799 0.0043153
0.797424 0.00426407
0.797174 0.00418539
0.798695 0.00437541
0.798459 0.00429693
0.798524 0.00421558
0.79851 0.0041368
0.799343 0.00414542
0.798322 0.00419678
0.797395 0.00422545
0.797809 0.00417254
0.798458 0.00415227
0.798084 0.00409952
0.798327 0.00403903
0.798457 0.00397548
0.798865 0.0039331
0.797851 0.00400167
0.797402 0.00396516
0.797965 0.00394496
0.79744 0.00392091
0.797832 0.00388266
0.797699 0.00382829
0.797881 0.00377759
0.797955 0.00372473
0.798054 0.00367399
0.797148 0.00373489
0.797157 0.00368409
0.798104 0.00375597
0.798117 0.00370625
0.797395 0.00372842
0.797106 0.0036916
0.797631 0.00368209
0.797777 0.0036387
0.797188 0.00364131
0.797874 0.00366141
0.797929 0.00361744
0.797208 0.00364609
0.79718 0.00360305
0.79767 0.00359448
0.79808 0.00357649
0.79788 0.00354123
0.797242 0.0035589
0.797677 0.00354588
0.797996 0.00352116
0.797917 0.00348357
0.797898 0.00344596
0.798012 0.00341103
0.797899 0.00337685
0.798198 0.00335487
0.797846 0.00333871
0.797469 0.00332587
0.797965 0.00332915
0.797844 0.00329789
