-5.46904 0
-5.46834 0.000697388
-5.46684 0.00155819
-5.46657 0.00113381
-5.46748 0.00126395
-5.46849 0.00144702
-5.46856 0.00122483
-5.46891 0.00111606
-5.46878 0.000993284
-5.46886 0.000892391
-5.46917 0.000864764
-5.46911 0.000791505
-5.46869 0.00084155
-5.4687 0.000779171
-5.46858 0.000734839
-5.46863 0.000689097
-5.46876 0.000659937
-5.4689 0.00063886
-5.46886 0.00060578
-5.46882 0.000576402
-5.46874 0.000553276
-5.46862 0.00054144
-5.46866 0.000518655
-5.46852 0.000514618
-5.46847 0.000496728
-5.46849 0.00047809
-5.46853 0.000461168
-5.46855 0.00044483
-5.46857 0.000429928
-5.46858 0.000415429
-5.46861 0.000402949
-5.46861 0.000390158
-5.46855 0.000382672
-5.46863 0.000380218
-5.4687 0.000375422
-5.46869 0.000364964
-5.4687 0.00035517
-5.46869 0.000346095
-5.46871 0.000337697
-5.46864 0.000335717
-5.46858 0.000333527
-5.46851 0.000331354
-5.46851 0.000323672
-5.46846 0.000319216
-5.46851 0.000316222
-5.46856 0.000312922
-5.4686 0.000308295
-5.46861 0.000302107
-5.46856 0.000299404
-5.46853 0.00029574
-5.46855 0.000291184
-5.46857 0.000286111
-5.46855 0.000281481
-5.4686 0.000280488
-5.46861 0.000275594
-5.46859 0.000271233
-5.46856 0.000268241
-5.46862 0.000270783
-5.46861 0.000266471
-5.46859 0.000263031
-5.46859 0.00025869
-5.46859 0.000254535
-5.46858 0.000250473
-5.46857 0.00024682
-5.4686 0.000244692
-5.46866 0.000248873
-5.4687 0.000248227
-5.46868 0.000245228
-5.46867 0.000241827
-5.46864 0.000240442
-5.46862 0.000237745
-5.46861 0.000235032
-5.46859 0.000232476
-5.46858 0.00022939
-5.46861 0.000228346
-5.46868 0.000234493
-5.46867 0.000231624
-5.46869 0.000229315
-5.46869 0.000226425
-5.46869 0.000223595
-5.46874 0.000225312
-5.46878 0.000226654
-5.46876 0.000225235
-5.46874 0.000222815
-5.46874 0.000220214
-5.46878 0.0002206
-5.46879 0.000218708
-5.46876 0.000219498
-5.46876 0.000217023
-5.46879 0.000217793
-5.4688 0.000215423
-5.46879 0.000213142
-5.4688 0.000211156
-5.46883 0.000210281
-5.46883 0.000208061
-5.46883 0.000205938
-5.46885 0.000204721
-5.46885 0.00020263
-5.46884 0.000200966
-5.46884 0.000198963
