-0.407914 0
-0.411225 0.00331073
-0.409587 0.00251685
-0.410266 0.00190463
-0.411594 0.00198485
-0.412099 0.00169749
-0.409231 0.00320654
-0.406732 0.00373574
-0.406997 0.00330528
-0.407708 0.00304045
-0.405022 0.0038442
-0.403135 0.00398457
-0.404339 0.00385796
-0.406288 0.00406913
-0.405024 0.00399356
-0.404997 0.00373572
-0.406754 0.00392455
-0.407843 0.00385681
-0.407706 0.00365074
-0.409777 0.00403569
-0.41206 0.00446631
-0.413046 0.00437104
-0.412647 0.00419564
-0.41301 0.00403334
-0.412599 0.00389046
-0.412944 0.00375375
-0.413357 0.00363565
-0.412242 0.00367661
-0.413191 0.00367218
-0.413702 0.00358438
-0.412952 0.00354721
-0.411941 0.0035802
-0.411877 0.0034706
-0.411601 0.00337825
-0.411619 0.00328036
-0.412987 0.00346926
-0.414624 0.00375032
-0.415606 0.00377991
-0.41714 0.00398882
-0.419631 0.004617
-0.42124 0.00478194
-0.423587 0.0052235
-0.42574 0.00553639
-0.427471 0.00567952
-0.429106 0.00578747
-0.430893 0.00593563
-0.432734 0.00609285
-0.432973 0.00596935
-0.433537 0.00587334
-0.434289 0.0058037
-0.435078 0.00574312
-0.43598 0.0057034
-0.437059 0.00569798
-0.43806 0.00568028
-0.437995 0.00557642
-0.437578 0.00549184
-0.436749 0.00545797
-0.436958 0.00536711
-0.437014 0.00527566
-0.43724 0.0051919
-0.437115 0.0051076
-0.43663 0.00504787
-0.436652 0.00496715
-0.436549 0.00488999
-0.436539 0.00481418
-0.436543 0.00474068
-0.436508 0.00466952
-0.436669 0.00460314
-0.436955 0.004545
-0.437187 0.00448561
-0.436817 0.00443749
-0.437322 0.00440448
-0.437305 0.00434376
-0.437382 0.00428536
-0.437605 0.00423368
-0.438069 0.00420332
-0.438727 0.00420029
-0.439164 0.00416902
-0.439587 0.00413754
-0.439786 0.00409037
-0.439852 0.00404009
-0.440426 0.00403152
-0.440548 0.00398454
-0.44066 0.0039384
-0.440442 0.00389787
-0.440466 0.00385235
-0.440338 0.00380998
-0.440419 0.0037673
-0.440105 0.00373794
-0.439669 0.00372178
-0.439617 0.00368102
-0.439422 0.00364599
-0.438793 0.00366097
-0.43838 0.0036453
-0.437778 0.00365663
-0.437098 0.00368164
-0.436684 0.00366695
-0.435906 0.00371179
-0.435442 0.00370329
-0.434938 0.00370063
