1.84626 0
1.84957 0.00330637
1.84793 0.00251649
1.84861 0.00190365
1.84993 0.00198122
1.85043 0.00169414
1.84757 0.00320427
1.84507 0.00373283
1.84534 0.00330279
1.84605 0.00303823
1.84336 0.00384316
1.84147 0.00398384
1.84268 0.0038576
1.84463 0.00406864
1.84336 0.00399341
1.84333 0.0037356
1.84509 0.00392413
1.84618 0.00385628
1.84604 0.00365024
1.84811 0.00403575
1.8504 0.0044664
1.85138 0.00437085
1.85098 0.0041956
1.85134 0.00403317
1.85093 0.00389036
1.85128 0.00375364
1.85169 0.00363547
1.85057 0.00367672
1.85152 0.0036721
1.85203 0.00358424
1.85128 0.00354713
1.85027 0.00358011
1.85021 0.00347051
1.84993 0.00337815
1.84995 0.00328026
1.85132 0.00346943
1.85296 0.00375058
1.85394 0.00378024
1.85547 0.00398934
1.85796 0.00461769
1.85957 0.00478274
1.86192 0.00522451
1.86407 0.00553751
1.86581 0.00568069
1.86744 0.00578859
1.86923 0.00593667
1.87107 0.00609386
1.87131 0.00597035
1.87187 0.00587441
1.87263 0.00580479
1.87341 0.00574422
1.87432 0.00570452
1.8754 0.00569915
1.8764 0.0056815
1.87633 0.00557761
1.87592 0.00549298
1.87509 0.00545892
1.8753 0.00536808
1.87536 0.00527662
1.87558 0.00519287
1.87546 0.00510853
1.87498 0.00504865
1.875 0.00496792
1.8749 0.00489072
1.87489 0.0048149
1.87489 0.00474139
1.87486 0.0046702
1.87502 0.00460386
1.87531 0.00454578
1.87554 0.00448643
1.87517 0.00443822
1.87568 0.0044053
1.87566 0.00434456
1.87574 0.00428617
1.87597 0.00423454
1.87643 0.00420429
1.87709 0.00420146
1.87753 0.0041703
1.87795 0.00413895
1.87815 0.00409183
1.87822 0.00404156
1.8788 0.00403316
1.87892 0.0039862
1.87903 0.00394007
1.87882 0.00389944
1.87884 0.00385392
1.87872 0.00381148
1.8788 0.00376881
1.87849 0.00373928
1.87805 0.00372288
1.878 0.00368209
1.87781 0.00364694
1.87718 0.00366158
1.87677 0.00364572
1.87617 0.00365681
1.87549 0.00368159
1.87508 0.00366679
1.8743 0.00371143
1.87384 0.0037028
1.87333 0.0037
