1.23084 0
1.23305 0.00220425
1.23195 0.00167766
1.23241 0.0012691
1.23329 0.00132082
1.23362 0.00112942
1.23171 0.00213618
1.23005 0.00248856
1.23022 0.00220186
1.2307 0.00202549
1.22891 0.00256211
1.22765 0.0026559
1.22845 0.00257173
1.22975 0.00271243
1.22891 0.00266228
1.22889 0.0024904
1.23006 0.00261609
1.23079 0.00257085
1.23069 0.00243349
1.23208 0.0026905
1.2336 0.0029776
1.23425 0.0029139
1.23399 0.00279706
1.23423 0.00268878
1.23395 0.00259357
1.23418 0.00250242
1.23446 0.00242364
1.23372 0.00245115
1.23435 0.00244806
1.23469 0.0023895
1.23419 0.00236475
1.23351 0.00238674
1.23347 0.00231367
1.23329 0.0022521
1.2333 0.00218684
1.23421 0.00231296
1.2353 0.00250038
1.23596 0.00252016
1.23698 0.00265956
1.23864 0.00307846
1.23972 0.0031885
1.24128 0.00348301
1.24272 0.00369167
1.24387 0.00378713
1.24496 0.00385906
1.24615 0.00395778
1.24738 0.00406257
1.24754 0.00398024
1.24792 0.00391627
1.24842 0.00386986
1.24894 0.00382948
1.24954 0.00380301
1.25026 0.00379943
1.25093 0.00378767
1.25089 0.00371841
1.25061 0.00366198
1.25006 0.00363928
1.2502 0.00357872
1.25024 0.00351774
1.25039 0.00346191
1.25031 0.00340568
1.24998 0.00336577
1.25 0.00331195
1.24993 0.00326048
1.24993 0.00320993
1.24993 0.00316092
1.24991 0.00311347
1.25002 0.00306924
1.25021 0.00303052
1.25036 0.00299095
1.25012 0.00295881
1.25045 0.00293687
1.25044 0.00289638
1.25049 0.00285745
1.25064 0.00282303
1.25095 0.00280286
1.25139 0.00280098
1.25169 0.0027802
1.25197 0.0027593
1.2521 0.00272789
1.25215 0.00269437
1.25253 0.00268878
1.25261 0.00265747
1.25269 0.00262671
1.25254 0.00259963
1.25256 0.00256928
1.25248 0.00254098
1.25253 0.00251254
1.25232 0.00249285
1.25203 0.00248192
1.252 0.00245472
1.25187 0.00243129
1.25145 0.00244105
1.25118 0.00243048
1.25078 0.00243787
1.25033 0.0024544
1.25005 0.00244452
1.24953 0.00247429
1.24923 0.00246853
1.24889 0.00246666
