1.43835 0
1.43835 4.35644e-06
1.43834 3.46509e-06
1.43834 3.22756e-06
1.43834 5.2091e-06
1.43834 4.61134e-06
1.43834 4.05514e-06
1.43834 4.124e-06
1.43834 3.73773e-06
1.43834 3.35249e-06
1.43834 3.0851e-06
1.43834 2.82576e-06
1.43834 2.74422e-06
1.43834 2.57209e-06
1.43834 2.55995e-06
1.43834 2.53656e-06
1.43834 2.4806e-06
1.43834 2.39814e-06
1.43834 2.2718e-06
1.43834 2.3442e-06
1.43834 2.23086e-06
1.43834 2.43987e-06
1.43833 2.7426e-06
1.43833 2.99797e-06
1.43833 2.92784e-06
1.43833 2.82063e-06
1.43833 2.78048e-06
1.43833 2.82546e-06
1.43833 2.821e-06
1.43833 2.7484e-06
1.43833 2.66749e-06
1.43833 2.5835e-06
1.43833 2.50401e-06
1.43833 2.43618e-06
1.43833 2.39744e-06
1.43833 2.42264e-06
1.43833 2.36779e-06
1.43833 2.32983e-06
1.43833 2.3434e-06
1.43833 2.3354e-06
1.43833 2.33561e-06
1.43833 2.38259e-06
1.43833 2.38307e-06
1.43833 2.37012e-06
1.43833 2.31762e-06
1.43833 2.26671e-06
1.43833 2.22139e-06
1.43834 2.23263e-06
1.43834 2.3649e-06
1.43834 2.35172e-06
1.43834 2.32855e-06
1.43834 2.31352e-06
1.43834 2.3122e-06
1.43834 2.33967e-06
1.43834 2.34587e-06
1.43834 2.36507e-06
1.43834 2.5258e-06
1.43834 2.64767e-06
1.43834 2.70124e-06
1.43834 2.74283e-06
1.43834 2.96709e-06
1.43835 3.2069e-06
1.43835 3.38701e-06
1.43835 3.67982e-06
1.43835 3.97859e-06
1.43835 4.25267e-06
1.43835 4.40555e-06
1.43835 4.52992e-06
1.43836 4.62699e-06
1.43836 4.65943e-06
1.43836 4.67493e-06
1.43836 4.69404e-06
1.43836 4.75197e-06
1.43836 4.81001e-06
1.43836 4.87403e-06
1.43836 4.93862e-06
1.43836 5.08292e-06
1.43837 5.18609e-06
1.43837 5.32351e-06
1.43837 5.41786e-06
1.43837 5.53911e-06
1.43837 5.66907e-06
1.43837 5.75262e-06
1.43837 5.79555e-06
1.43837 5.87899e-06
1.43838 5.95496e-06
1.43838 6.06288e-06
1.43838 6.22077e-06
1.43838 6.43093e-06
1.43838 6.6004e-06
1.43838 6.80487e-06
1.43839 7.0097e-06
1.43839 7.16832e-06
1.43839 7.28193e-06
1.43839 7.33822e-06
1.43839 7.36004e-06
1.43839 7.35442e-06
1.43839 7.34189e-06
1.4384 7.35879e-06
1.4384 7.36202e-06
