-3.3582 0
-3.35732 0.000883535
-3.35732 0.000510116
-3.35658 0.000822456
-3.35602 0.000849354
-3.35587 0.00070843
-3.35616 0.000664936
-3.3563 0.000592103
-3.35649 0.000554444
-3.35652 0.000496902
-3.35657 0.000452804
-3.35669 0.000429047
-3.35683 0.00041999
-3.35685 0.000389178
-3.35703 0.000405676
-3.35716 0.00040062
-3.35718 0.000376897
-3.35724 0.000360751
-3.35742 0.000383123
-3.3575 0.000374308
-3.35753 0.00035724
-3.35757 0.000342604
-3.35751 0.000333835
-3.35749 0.000319987
-3.35741 0.000316585
-3.35738 0.000306365
-3.35738 0.000294836
-3.35736 0.000285183
-3.3573 0.000280925
-3.35724 0.000277782
-3.35717 0.000278806
-3.35712 0.000274526
-3.35707 0.000269631
-3.35707 0.00026158
-3.357 0.000263952
-3.35692 0.000267965
-3.3569 0.000261646
-3.35685 0.000259948
-3.35682 0.000254245
-3.35681 0.000248362
-3.35676 0.000246112
-3.35666 0.000263204
-3.35659 0.000264684
-3.35651 0.000271951
-3.35638 0.000296386
-3.35629 0.000304515
-3.35622 0.000304591
-3.35622 0.00029818
-3.35624 0.000292498
-3.35626 0.000287378
-3.3563 0.000284187
-3.35635 0.000283304
-3.35641 0.000284547
-3.35648 0.000289012
-3.35649 0.00028375
-3.35646 0.000279708
-3.35641 0.000279632
-3.35638 0.000276969
-3.35638 0.00027226
-3.35642 0.000270144
-3.35644 0.000266556
-3.35647 0.00026395
-3.35655 0.000272259
-3.3566 0.000272567
-3.35665 0.000272374
-3.35669 0.000271436
-3.35672 0.000269328
-3.35676 0.000268614
-3.35684 0.000275051
-3.35687 0.000272716
-3.35686 0.000269063
-3.35684 0.000266175
-3.35684 0.000262505
-3.35683 0.000259013
-3.35683 0.000255557
-3.35685 0.000252879
-3.35688 0.000251774
-3.35692 0.000251692
-3.35694 0.000249062
-3.35693 0.000245931
-3.35694 0.000242881
-3.35695 0.000240572
-3.35697 0.00023801
-3.35697 0.000235182
-3.35696 0.000232524
-3.35693 0.000232564
-3.3569 0.000230911
-3.35688 0.000229131
-3.35687 0.000227092
-3.35688 0.000224644
-3.35689 0.000222391
-3.3569 0.000220218
-3.35692 0.000218698
-3.35694 0.000217525
-3.35697 0.000217474
-3.357 0.000216956
-3.357 0.00021485
-3.357 0.000212647
-3.357 0.000210524
-3.35701 0.000208748
