1.0618 0
1.06293 0.00113543
1.08143 0.018508
1.08798 0.0146372
1.07768 0.0153203
1.08072 0.0128722
1.08554 0.0119001
1.09405 0.0133659
1.10004 0.0132215
1.10639 0.0134216
1.11376 0.0142027
1.11005 0.0134856
1.10126 0.0152046
1.09752 0.0145647
1.10106 0.0140134
1.10558 0.0138668
1.10938 0.0135685
1.11315 0.0133354
1.11662 0.013085
1.11913 0.0126633
1.12153 0.0122826
1.12106 0.0117206
1.12247 0.0112879
1.1253 0.0111725
1.12487 0.0107249
1.12343 0.0104036
1.1198 0.0106514
1.11718 0.0105918
1.1138 0.0107634
1.1139 0.0103988
1.11299 0.010099
1.11167 0.00986722
1.11022 0.00967224
1.10911 0.00944916
1.10984 0.00920447
1.10984 0.00894514
1.10894 0.00874736
1.10838 0.00853222
1.10858 0.00831286
1.10961 0.00816766
1.10812 0.0081035
1.10804 0.00790861
1.10832 0.00772769
1.10642 0.00778737
1.10675 0.0076197
1.10574 0.00752094
1.10511 0.00738595
1.1036 0.00738525
1.10282 0.00727488
1.10367 0.00717851
1.10354 0.00703769
1.10344 0.00690166
1.10274 0.00680655
1.10228 0.00669539
1.10256 0.00657882
1.10256 0.00646027
1.10206 0.00636592
1.10139 0.00629055
1.10113 0.00618874
1.10196 0.0061416
1.10186 0.00604084
1.10211 0.00594784
1.10276 0.00588809
1.10242 0.00580521
1.10122 0.00583997
1.10055 0.00578983
1.10028 0.00570894
1.10113 0.00568852
1.10157 0.00562266
1.10217 0.00557373
1.10213 0.00549481
1.10163 0.00544067
1.10123 0.00538075
1.1009 0.0053179
1.10129 0.00526141
1.10208 0.00525117
1.10177 0.00519172
1.10213 0.00513689
1.1022 0.00507204
1.10269 0.00503179
1.10228 0.0049861
1.10256 0.00493293
1.10274 0.00487643
1.10299 0.00482456
1.10357 0.0048021
1.10378 0.00475084
1.10367 0.00469738
1.10348 0.00464745
1.10408 0.00463408
1.10447 0.00459912
1.10541 0.0046436
1.10492 0.00461868
1.10526 0.00458152
1.10519 0.00453304
1.10429 0.00457591
1.10451 0.00453335
1.10521 0.00454069
1.10517 0.00449426
1.10461 0.00448367
1.10414 0.00446391
