1.59269 0
1.5944 0.00170314
1.62214 0.0277619
1.63198 0.0219558
1.61652 0.0229805
1.62107 0.0193083
1.62831 0.0178501
1.64108 0.0200488
1.65006 0.0198322
1.65958 0.0201324
1.67064 0.021304
1.66507 0.0202283
1.65188 0.0228069
1.64628 0.0218471
1.65159 0.0210202
1.65837 0.0208002
1.66407 0.0203527
1.66972 0.0200031
1.67494 0.0196275
1.67869 0.0189949
1.6823 0.0184239
1.68158 0.0175809
1.6837 0.0169319
1.68795 0.0167587
1.6873 0.0160874
1.68515 0.0156054
1.67969 0.015977
1.67577 0.0158877
1.67071 0.016145
1.67085 0.0155983
1.66949 0.0151485
1.6675 0.0148008
1.66534 0.0145084
1.66367 0.0141737
1.66477 0.0138067
1.66477 0.0134177
1.6634 0.013121
1.66257 0.0127983
1.66286 0.0124693
1.66441 0.0122515
1.66218 0.0121553
1.66206 0.0118629
1.66248 0.0115915
1.65962 0.0116811
1.66012 0.0114295
1.6586 0.0112814
1.65766 0.0110789
1.6554 0.0110779
1.65423 0.0109123
1.65551 0.0107678
1.6553 0.0105565
1.65516 0.0103525
1.65411 0.0102098
1.65341 0.0100431
1.65385 0.00986823
1.65384 0.00969041
1.65309 0.00954888
1.65209 0.00943583
1.65169 0.00928311
1.65294 0.0092124
1.65279 0.00906127
1.65317 0.00892176
1.65414 0.00883213
1.65363 0.00870781
1.65183 0.00875996
1.65082 0.00868474
1.65042 0.0085634
1.6517 0.00853277
1.65236 0.00843399
1.65325 0.00836059
1.65319 0.00824222
1.65245 0.008161
1.65184 0.00807113
1.65135 0.00797685
1.65194 0.00789211
1.65312 0.00787675
1.65266 0.00778758
1.65319 0.00770533
1.6533 0.00760805
1.65403 0.00754769
1.65342 0.00747915
1.65384 0.00739939
1.65411 0.00731465
1.65449 0.00723684
1.65535 0.00720315
1.65567 0.00712626
1.6555 0.00704607
1.65522 0.00697117
1.65612 0.00695112
1.65671 0.00689868
1.65811 0.00696539
1.65738 0.00692802
1.65789 0.00687228
1.65779 0.00679956
1.65643 0.00686387
1.65676 0.00680003
1.65781 0.00681104
1.65776 0.00674139
1.65692 0.0067255
1.65621 0.00669586
