0 0
0 0
0 0
0 0
0 0
0 0
0 0
0 0
0 0
0 0
0 0
0 0
0 0
0 0
0 0
0 0
0 0
0 0
0 0
0 0
0 0
0 0
0 0
0 0
0 0
0 0
0 0
0 0
0 0
0 0
0 0
0 0
0 0
0 0
0 0
0 0
0 0
0 0
1.08708e-06 0.000104789
5.93971e-05 0.000774555
0.000671622 0.00260375
0.00406018 0.00639104
0.0141364 0.0118648
0.0296894 0.0170584
0.0462181 0.0211015
0.0576002 0.023416
0.059546 0.0237836
0.0536221 0.0226405
0.0424597 0.0202651
0.0311411 0.0174574
0.0201954 0.0141377
0.0124964 0.0111646
0.00739097 0.0086084
0.00373439 0.00613027
0.00187773 0.00435102
0.000948334 0.00309355
0.00053336 0.00232047
0.000423667 0.00206825
0.000561592 0.00238106
0.000906161 0.00302404
0.00169568 0.0041351
0.00286775 0.00537439
0.00416244 0.00647069
0.00555215 0.00746799
0.00699162 0.00837429
0.00806386 0.00898867
0.00853111 0.00924325
0.00790418 0.00889995
0.00670981 0.00820494
0.00525221 0.00726457
0.00366087 0.00606985
0.00247083 0.00498961
0.00168429 0.00412121
0.00149232 0.00387962
0.00202862 0.00452211
0.0033378 0.00579678
0.00554087 0.00746044
0.00887312 0.00942508
0.0126088 0.0112141
0.0160262 0.0126209
0.0183744 0.0134978
0.0187867 0.0136455
0.017611 0.0132195
0.0148431 0.0121534
0.0115015 0.0107163
0.0080481 0.00897996
0.00528438 0.00728667
0.00350844 0.0059426
0.00287241 0.00537874
0.00300382 0.00550004
0.00373013 0.00612679
0.00470903 0.00688055
0.00561237 0.00750816
0.00609826 0.00782451
0.00600346 0.00776382
0.00552164 0.00744756
0.00463102 0.00682359
0.00381211 0.0061935
0.0033384 0.0057973
0.00321911 0.00569312